<?xml version="1.0" encoding="UTF-8"?>
<testng-results ignored="0" total="1" passed="1" failed="0" skipped="0">
  <reporter-output>
  </reporter-output>
  <suite started-at="2024-07-13T15:14:57 IST" name="Command line suite" finished-at="2024-07-13T15:15:12 IST" duration-ms="14942">
    <groups>
    </groups>
    <test started-at="2024-07-13T15:14:57 IST" name="Command line test" finished-at="2024-07-13T15:15:12 IST" duration-ms="14942">
      <class name="ProductSearchTest">
        <test-method is-config="true" signature="setUp()[pri:0, instance:ProductSearchTest@255b53dc]" started-at="2024-07-13T15:14:57 IST" name="setUp" finished-at="2024-07-13T15:14:59 IST" duration-ms="1676" status="PASS">
          <reporter-output>
          </reporter-output>
        </test-method> <!-- setUp -->
        <test-method signature="testProductSearchOnAmazonAndFlipkart()[pri:0, instance:ProductSearchTest@255b53dc]" started-at="2024-07-13T15:14:59 IST" name="testProductSearchOnAmazonAndFlipkart" finished-at="2024-07-13T15:15:12 IST" duration-ms="12884" status="PASS">
          <reporter-output>
          </reporter-output>
        </test-method> <!-- testProductSearchOnAmazonAndFlipkart -->
        <test-method is-config="true" signature="tearDown()[pri:0, instance:ProductSearchTest@255b53dc]" started-at="2024-07-13T15:15:12 IST" name="tearDown" finished-at="2024-07-13T15:15:12 IST" duration-ms="353" status="PASS">
          <reporter-output>
          </reporter-output>
        </test-method> <!-- tearDown -->
      </class> <!-- ProductSearchTest -->
    </test> <!-- Command line test -->
  </suite> <!-- Command line suite -->
</testng-results>
