<?xml version="1.0" encoding="UTF-8"?>
<testng-results ignored="0" total="2" passed="2" failed="0" skipped="0">
  <reporter-output>
  </reporter-output>
  <suite started-at="2024-07-15T17:31:48 IST" name="Default suite" finished-at="2024-07-15T17:31:52 IST" duration-ms="4483">
    <groups>
    </groups>
    <test started-at="2024-07-15T17:31:48 IST" name="Default test" finished-at="2024-07-15T17:31:52 IST" duration-ms="4483">
      <class name="Backend.APITests">
        <test-method is-config="true" signature="setup()[pri:0, instance:Backend.APITests@77f1baf5]" started-at="2024-07-15T17:31:48 IST" name="setup" finished-at="2024-07-15T17:31:48 IST" duration-ms="744" status="PASS">
          <reporter-output>
          </reporter-output>
        </test-method> <!-- setup -->
        <test-method signature="testGetProductDetails()[pri:0, instance:Backend.APITests@77f1baf5]" started-at="2024-07-15T17:31:48 IST" name="testGetProductDetails" finished-at="2024-07-15T17:31:51 IST" duration-ms="2635" status="PASS">
          <reporter-output>
          </reporter-output>
        </test-method> <!-- testGetProductDetails -->
        <test-method signature="testSearchProduct()[pri:0, instance:Backend.APITests@77f1baf5]" started-at="2024-07-15T17:31:51 IST" name="testSearchProduct" finished-at="2024-07-15T17:31:52 IST" duration-ms="1055" status="PASS">
          <reporter-output>
          </reporter-output>
        </test-method> <!-- testSearchProduct -->
      </class> <!-- Backend.APITests -->
    </test> <!-- Default test -->
  </suite> <!-- Default suite -->
</testng-results>
